<testsuites name="results">
  <testsuite name="all" package="all" tests="0">
    <property name="random_seed" value="1591254552" />
    <testcase classname="signed_adder_tb" name="basic_simulation" ratio_time="5828.734002905691" sim_time_ns="22.0" time="0.003774404525756836" />
    <testcase classname="signed_adder_tb" name="basic_test" ratio_time="12640.24453772468" sim_time_ns="112.0" time="0.008860588073730469" />
    <testcase classname="signed_adder_tb" name="gr_test" ratio_time="14891.806879061658" sim_time_ns="112.0" time="0.007520914077758789" />
  </testsuite>
</testsuites>
